[23:17:03] [main/INFO]: Building optimized datafixer
[23:17:05] [Render thread/INFO]: [STDERR]: [LWJGL] [ThreadLocalUtil] Unsupported JNI version detected, this may result in a crash. Please inform LWJGL developers.
[23:17:06] [Render thread/INFO]: Environment: authHost='https://authserver.mojang.com', accountsHost='https://api.mojang.com', sessionHost='https://sessionserver.mojang.com', servicesHost='https://api.minecraftservices.com', name='PROD'
[23:17:06] [Render thread/ERROR]: Failed to verify authentication
com.mojang.authlib.exceptions.InvalidCredentialsException: Status: 401
	at com.mojang.authlib.exceptions.MinecraftClientHttpException.toAuthenticationException(MinecraftClientHttpException.java:56) ~[authlib-3.11.49.jar:?]
	at com.mojang.authlib.yggdrasil.YggdrasilUserApiService.fetchProperties(YggdrasilUserApiService.java:155) ~[authlib-3.11.49.jar:?]
	at com.mojang.authlib.yggdrasil.YggdrasilUserApiService.<init>(YggdrasilUserApiService.java:55) ~[authlib-3.11.49.jar:?]
	at com.mojang.authlib.yggdrasil.YggdrasilAuthenticationService.createUserApiService(YggdrasilAuthenticationService.java:161) ~[authlib-3.11.49.jar:?]
	at efu.a(SourceFile:711) [1.19.2.jar:?]
	at efu.<init>(SourceFile:431) [1.19.2.jar:?]
	at net.minecraft.client.main.Main.a(SourceFile:205) [1.19.2.jar:?]
	at net.minecraft.client.main.Main.main(SourceFile:51) [1.19.2.jar:?]
Caused by: com.mojang.authlib.exceptions.MinecraftClientHttpException: Status: 401
	at com.mojang.authlib.minecraft.client.MinecraftClient.readInputStream(MinecraftClient.java:85) ~[authlib-3.11.49.jar:?]
	at com.mojang.authlib.minecraft.client.MinecraftClient.get(MinecraftClient.java:48) ~[authlib-3.11.49.jar:?]
	at com.mojang.authlib.yggdrasil.YggdrasilUserApiService.fetchProperties(YggdrasilUserApiService.java:129) ~[authlib-3.11.49.jar:?]
	... 6 more
[23:17:06] [Render thread/INFO]: Setting user: Nikkk
[23:17:07] [Render thread/INFO]: Backend library: LWJGL version 3.3.1 build 7
[23:17:16] [Worker-Main-12/ERROR]: Failed to retrieve profile key pair
java.io.IOException: Could not retrieve profile key pair
	at eva.a(SourceFile:130) ~[1.19.2.jar:?]
	at eva.c(SourceFile:69) ~[1.19.2.jar:?]
	at java.util.concurrent.CompletableFuture$AsyncSupply.run(CompletableFuture.java:1812) [?:?]
	at java.util.concurrent.CompletableFuture$AsyncSupply.exec(CompletableFuture.java:1804) [?:?]
	at java.util.concurrent.ForkJoinTask.doExec(ForkJoinTask.java:507) [?:?]
	at java.util.concurrent.ForkJoinPool$WorkQueue.topLevelExec(ForkJoinPool.java:1458) [?:?]
	at java.util.concurrent.ForkJoinPool.runWorker(ForkJoinPool.java:2034) [?:?]
	at java.util.concurrent.ForkJoinWorkerThread.run(ForkJoinWorkerThread.java:189) [?:?]
[23:17:16] [Render thread/INFO]: Reloading ResourceManager: Default, shiny ores 1.19 - 1.19.2 v1.2.zip, ore outline 1.19.4.zip
[23:17:16] [Realms Notification Availability checker #1/INFO]: Could not authorize you against Realms server: Invalid session id
[23:17:19] [Render thread/WARN]: Missing sound for event: minecraft:item.goat_horn.play
[23:17:19] [Render thread/WARN]: Missing sound for event: minecraft:entity.goat.screaming.horn_break
[23:17:19] [Render thread/INFO]: OpenAL initialized on device OpenAL Soft on Наушники (HATOR Hypergang 2 X)
[23:17:19] [Render thread/INFO]: Sound engine started
[23:17:20] [Render thread/INFO]: Created: 1024x1024x4 minecraft:textures/atlas/blocks.png-atlas
[23:17:20] [Render thread/INFO]: Created: 256x128x4 minecraft:textures/atlas/signs.png-atlas
[23:17:20] [Render thread/INFO]: Created: 1024x512x4 minecraft:textures/atlas/banner_patterns.png-atlas
[23:17:20] [Render thread/INFO]: Created: 1024x512x4 minecraft:textures/atlas/shield_patterns.png-atlas
[23:17:20] [Render thread/INFO]: Created: 256x256x4 minecraft:textures/atlas/chest.png-atlas
[23:17:20] [Render thread/INFO]: Created: 512x256x4 minecraft:textures/atlas/beds.png-atlas
[23:17:20] [Render thread/INFO]: Created: 512x256x4 minecraft:textures/atlas/shulker_boxes.png-atlas
[23:17:20] [Render thread/WARN]: Shader rendertype_entity_translucent_emissive could not find sampler named Sampler2 in the specified shader program.
[23:17:21] [Render thread/INFO]: Created: 512x256x0 minecraft:textures/atlas/particles.png-atlas
[23:17:21] [Render thread/INFO]: Created: 256x256x0 minecraft:textures/atlas/paintings.png-atlas
[23:17:21] [Render thread/INFO]: Created: 256x128x0 minecraft:textures/atlas/mob_effects.png-atlas
[23:17:38] [Worker-Bootstrap-10/INFO]: 4283 Datafixer optimizations took 35659 milliseconds
[23:17:58] [Render thread/INFO]: Deleting level New World ewqasd
[23:17:58] [Render thread/INFO]: Attempt 1...
[23:18:02] [Render thread/INFO]: Stopping!
